<?xml version="1.0" encoding="UTF-8"?>
<testsuite xmlns:xsi="http://www.w3.org/2001/XMLSchema-instance" xsi:noNamespaceSchemaLocation="https://maven.apache.org/surefire/maven-surefire-plugin/xsd/surefire-test-report.xsd" name="LoginUserParameterizedTest" time="36.464" tests="4" errors="0" skipped="0" failures="0">
  <properties>
    <property name="java.specification.version" value="15"/>
    <property name="sun.jnu.encoding" value="UTF-8"/>
    <property name="java.class.path" value="/Users/mark/Documents/Diplom/Diplom_3/target/test-classes:/Users/mark/Documents/Diplom/Diplom_3/target/classes:/Users/mark/.m2/repository/io/rest-assured/rest-assured/4.4.0/rest-assured-4.4.0.jar:/Users/mark/.m2/repository/org/codehaus/groovy/groovy/3.0.8/groovy-3.0.8.jar:/Users/mark/.m2/repository/org/codehaus/groovy/groovy-xml/3.0.8/groovy-xml-3.0.8.jar:/Users/mark/.m2/repository/org/apache/httpcomponents/httpclient/4.5.13/httpclient-4.5.13.jar:/Users/mark/.m2/repository/org/apache/httpcomponents/httpcore/4.4.13/httpcore-4.4.13.jar:/Users/mark/.m2/repository/commons-logging/commons-logging/1.2/commons-logging-1.2.jar:/Users/mark/.m2/repository/commons-codec/commons-codec/1.11/commons-codec-1.11.jar:/Users/mark/.m2/repository/org/apache/httpcomponents/httpmime/4.5.13/httpmime-4.5.13.jar:/Users/mark/.m2/repository/org/hamcrest/hamcrest/2.1/hamcrest-2.1.jar:/Users/mark/.m2/repository/org/ccil/cowan/tagsoup/tagsoup/1.2.1/tagsoup-1.2.1.jar:/Users/mark/.m2/repository/io/rest-assured/json-path/4.4.0/json-path-4.4.0.jar:/Users/mark/.m2/repository/org/codehaus/groovy/groovy-json/3.0.8/groovy-json-3.0.8.jar:/Users/mark/.m2/repository/io/rest-assured/rest-assured-common/4.4.0/rest-assured-common-4.4.0.jar:/Users/mark/.m2/repository/io/rest-assured/xml-path/4.4.0/xml-path-4.4.0.jar:/Users/mark/.m2/repository/jakarta/xml/bind/jakarta.xml.bind-api/2.3.3/jakarta.xml.bind-api-2.3.3.jar:/Users/mark/.m2/repository/jakarta/activation/jakarta.activation-api/1.2.2/jakarta.activation-api-1.2.2.jar:/Users/mark/.m2/repository/com/sun/xml/bind/jaxb-impl/2.3.3/jaxb-impl-2.3.3.jar:/Users/mark/.m2/repository/com/google/code/gson/gson/2.8.9/gson-2.8.9.jar:/Users/mark/.m2/repository/junit/junit/4.13.2/junit-4.13.2.jar:/Users/mark/.m2/repository/org/hamcrest/hamcrest-core/1.3/hamcrest-core-1.3.jar:/Users/mark/.m2/repository/com/codeborne/selenide/6.3.1/selenide-6.3.1.jar:/Users/mark/.m2/repository/org/seleniumhq/selenium/selenium-java/4.1.2/selenium-java-4.1.2.jar:/Users/mark/.m2/repository/org/seleniumhq/selenium/selenium-api/4.1.2/selenium-api-4.1.2.jar:/Users/mark/.m2/repository/org/seleniumhq/selenium/selenium-chrome-driver/4.1.2/selenium-chrome-driver-4.1.2.jar:/Users/mark/.m2/repository/com/google/auto/service/auto-service-annotations/1.0.1/auto-service-annotations-1.0.1.jar:/Users/mark/.m2/repository/com/google/auto/service/auto-service/1.0.1/auto-service-1.0.1.jar:/Users/mark/.m2/repository/com/google/auto/auto-common/1.2/auto-common-1.2.jar:/Users/mark/.m2/repository/org/seleniumhq/selenium/selenium-chromium-driver/4.1.2/selenium-chromium-driver-4.1.2.jar:/Users/mark/.m2/repository/org/seleniumhq/selenium/selenium-json/4.1.2/selenium-json-4.1.2.jar:/Users/mark/.m2/repository/org/seleniumhq/selenium/selenium-devtools-v85/4.1.2/selenium-devtools-v85-4.1.2.jar:/Users/mark/.m2/repository/org/seleniumhq/selenium/selenium-devtools-v95/4.1.2/selenium-devtools-v95-4.1.2.jar:/Users/mark/.m2/repository/org/seleniumhq/selenium/selenium-devtools-v96/4.1.2/selenium-devtools-v96-4.1.2.jar:/Users/mark/.m2/repository/org/seleniumhq/selenium/selenium-devtools-v97/4.1.2/selenium-devtools-v97-4.1.2.jar:/Users/mark/.m2/repository/org/seleniumhq/selenium/selenium-edge-driver/4.1.2/selenium-edge-driver-4.1.2.jar:/Users/mark/.m2/repository/org/seleniumhq/selenium/selenium-firefox-driver/4.1.2/selenium-firefox-driver-4.1.2.jar:/Users/mark/.m2/repository/org/seleniumhq/selenium/selenium-firefox-xpi-driver/4.1.2/selenium-firefox-xpi-driver-4.1.2.jar:/Users/mark/.m2/repository/org/seleniumhq/selenium/selenium-ie-driver/4.1.2/selenium-ie-driver-4.1.2.jar:/Users/mark/.m2/repository/org/seleniumhq/selenium/selenium-opera-driver/4.1.2/selenium-opera-driver-4.1.2.jar:/Users/mark/.m2/repository/org/seleniumhq/selenium/selenium-remote-driver/4.1.2/selenium-remote-driver-4.1.2.jar:/Users/mark/.m2/repository/com/beust/jcommander/1.82/jcommander-1.82.jar:/Users/mark/.m2/repository/io/netty/netty-buffer/4.1.73.Final/netty-buffer-4.1.73.Final.jar:/Users/mark/.m2/repository/io/netty/netty-codec-http/4.1.73.Final/netty-codec-http-4.1.73.Final.jar:/Users/mark/.m2/repository/io/netty/netty-codec/4.1.73.Final/netty-codec-4.1.73.Final.jar:/Users/mark/.m2/repository/io/netty/netty-handler/4.1.73.Final/netty-handler-4.1.73.Final.jar:/Users/mark/.m2/repository/io/netty/netty-tcnative-classes/2.0.46.Final/netty-tcnative-classes-2.0.46.Final.jar:/Users/mark/.m2/repository/io/netty/netty-common/4.1.73.Final/netty-common-4.1.73.Final.jar:/Users/mark/.m2/repository/io/netty/netty-transport-classes-epoll/4.1.73.Final/netty-transport-classes-epoll-4.1.73.Final.jar:/Users/mark/.m2/repository/io/netty/netty-transport-classes-kqueue/4.1.73.Final/netty-transport-classes-kqueue-4.1.73.Final.jar:/Users/mark/.m2/repository/io/netty/netty-transport-native-epoll/4.1.73.Final/netty-transport-native-epoll-4.1.73.Final.jar:/Users/mark/.m2/repository/io/netty/netty-transport-native-kqueue/4.1.73.Final/netty-transport-native-kqueue-4.1.73.Final.jar:/Users/mark/.m2/repository/io/netty/netty-transport-native-unix-common/4.1.73.Final/netty-transport-native-unix-common-4.1.73.Final.jar:/Users/mark/.m2/repository/io/netty/netty-transport/4.1.73.Final/netty-transport-4.1.73.Final.jar:/Users/mark/.m2/repository/io/netty/netty-resolver/4.1.73.Final/netty-resolver-4.1.73.Final.jar:/Users/mark/.m2/repository/io/opentelemetry/opentelemetry-api/1.10.1/opentelemetry-api-1.10.1.jar:/Users/mark/.m2/repository/io/opentelemetry/opentelemetry-context/1.10.1/opentelemetry-context-1.10.1.jar:/Users/mark/.m2/repository/io/opentelemetry/opentelemetry-exporter-logging/1.10.1/opentelemetry-exporter-logging-1.10.1.jar:/Users/mark/.m2/repository/io/opentelemetry/opentelemetry-sdk-metrics/1.10.1-alpha/opentelemetry-sdk-metrics-1.10.1-alpha.jar:/Users/mark/.m2/repository/io/opentelemetry/opentelemetry-sdk-logs/1.10.1-alpha/opentelemetry-sdk-logs-1.10.1-alpha.jar:/Users/mark/.m2/repository/io/opentelemetry/opentelemetry-sdk-common/1.10.1/opentelemetry-sdk-common-1.10.1.jar:/Users/mark/.m2/repository/io/opentelemetry/opentelemetry-sdk-extension-autoconfigure-spi/1.10.1/opentelemetry-sdk-extension-autoconfigure-spi-1.10.1.jar:/Users/mark/.m2/repository/io/opentelemetry/opentelemetry-sdk-extension-autoconfigure/1.10.1-alpha/opentelemetry-sdk-extension-autoconfigure-1.10.1-alpha.jar:/Users/mark/.m2/repository/io/opentelemetry/opentelemetry-sdk-trace/1.10.1/opentelemetry-sdk-trace-1.10.1.jar:/Users/mark/.m2/repository/io/opentelemetry/opentelemetry-sdk/1.10.1/opentelemetry-sdk-1.10.1.jar:/Users/mark/.m2/repository/io/opentelemetry/opentelemetry-semconv/1.10.1-alpha/opentelemetry-semconv-1.10.1-alpha.jar:/Users/mark/.m2/repository/io/ous/jtoml/2.0.0/jtoml-2.0.0.jar:/Users/mark/.m2/repository/org/apache/commons/commons-exec/1.3/commons-exec-1.3.jar:/Users/mark/.m2/repository/org/asynchttpclient/async-http-client/2.12.3/async-http-client-2.12.3.jar:/Users/mark/.m2/repository/org/asynchttpclient/async-http-client-netty-utils/2.12.3/async-http-client-netty-utils-2.12.3.jar:/Users/mark/.m2/repository/io/netty/netty-codec-socks/4.1.60.Final/netty-codec-socks-4.1.60.Final.jar:/Users/mark/.m2/repository/io/netty/netty-handler-proxy/4.1.60.Final/netty-handler-proxy-4.1.60.Final.jar:/Users/mark/.m2/repository/io/netty/netty-transport-native-epoll/4.1.60.Final/netty-transport-native-epoll-4.1.60.Final-linux-x86_64.jar:/Users/mark/.m2/repository/io/netty/netty-transport-native-kqueue/4.1.60.Final/netty-transport-native-kqueue-4.1.60.Final-osx-x86_64.jar:/Users/mark/.m2/repository/org/reactivestreams/reactive-streams/1.0.3/reactive-streams-1.0.3.jar:/Users/mark/.m2/repository/com/typesafe/netty/netty-reactive-streams/2.0.4/netty-reactive-streams-2.0.4.jar:/Users/mark/.m2/repository/com/sun/activation/jakarta.activation/1.2.2/jakarta.activation-1.2.2.jar:/Users/mark/.m2/repository/org/seleniumhq/selenium/selenium-http/4.1.2/selenium-http-4.1.2.jar:/Users/mark/.m2/repository/net/jodah/failsafe/2.4.4/failsafe-2.4.4.jar:/Users/mark/.m2/repository/org/seleniumhq/selenium/selenium-safari-driver/4.1.2/selenium-safari-driver-4.1.2.jar:/Users/mark/.m2/repository/org/seleniumhq/selenium/selenium-support/4.1.2/selenium-support-4.1.2.jar:/Users/mark/.m2/repository/com/codeborne/selenide-core/6.3.1/selenide-core-6.3.1.jar:/Users/mark/.m2/repository/org/opentest4j/opentest4j/1.2.0/opentest4j-1.2.0.jar:/Users/mark/.m2/repository/io/github/bonigarcia/webdrivermanager/5.0.3/webdrivermanager-5.0.3.jar:/Users/mark/.m2/repository/org/jsoup/jsoup/1.14.2/jsoup-1.14.2.jar:/Users/mark/.m2/repository/org/brotli/dec/0.1.2/dec-0.1.2.jar:/Users/mark/.m2/repository/commons-lang/commons-lang/2.6/commons-lang-2.6.jar:/Users/mark/.m2/repository/org/apache/commons/commons-compress/1.21/commons-compress-1.21.jar:/Users/mark/.m2/repository/org/apache/httpcomponents/client5/httpclient5/5.1.3/httpclient5-5.1.3.jar:/Users/mark/.m2/repository/org/apache/httpcomponents/core5/httpcore5/5.1.3/httpcore5-5.1.3.jar:/Users/mark/.m2/repository/com/google/guava/guava/31.0.1-jre/guava-31.0.1-jre.jar:/Users/mark/.m2/repository/com/google/guava/failureaccess/1.0.1/failureaccess-1.0.1.jar:/Users/mark/.m2/repository/com/google/guava/listenablefuture/9999.0-empty-to-avoid-conflict-with-guava/listenablefuture-9999.0-empty-to-avoid-conflict-with-guava.jar:/Users/mark/.m2/repository/com/google/code/findbugs/jsr305/3.0.2/jsr305-3.0.2.jar:/Users/mark/.m2/repository/org/checkerframework/checker-qual/3.12.0/checker-qual-3.12.0.jar:/Users/mark/.m2/repository/com/google/errorprone/error_prone_annotations/2.7.1/error_prone_annotations-2.7.1.jar:/Users/mark/.m2/repository/com/google/j2objc/j2objc-annotations/1.3/j2objc-annotations-1.3.jar:/Users/mark/.m2/repository/org/apache/commons/commons-lang3/3.12.0/commons-lang3-3.12.0.jar:/Users/mark/.m2/repository/commons-io/commons-io/2.11.0/commons-io-2.11.0.jar:/Users/mark/.m2/repository/org/slf4j/slf4j-api/1.7.36/slf4j-api-1.7.36.jar:/Users/mark/.m2/repository/io/qameta/allure/allure-junit4/2.17.0/allure-junit4-2.17.0.jar:/Users/mark/.m2/repository/io/qameta/allure/allure-java-commons/2.17.0/allure-java-commons-2.17.0.jar:/Users/mark/.m2/repository/io/qameta/allure/allure-model/2.17.0/allure-model-2.17.0.jar:/Users/mark/.m2/repository/io/qameta/allure/allure-rest-assured/2.17.0/allure-rest-assured-2.17.0.jar:/Users/mark/.m2/repository/io/qameta/allure/allure-attachments/2.17.0/allure-attachments-2.17.0.jar:/Users/mark/.m2/repository/org/freemarker/freemarker/2.3.31/freemarker-2.3.31.jar:"/>
    <property name="java.vm.vendor" value="Oracle Corporation"/>
    <property name="sun.arch.data.model" value="64"/>
    <property name="java.vendor.url" value="https://java.oracle.com/"/>
    <property name="os.name" value="Mac OS X"/>
    <property name="java.vm.specification.version" value="15"/>
    <property name="sun.java.launcher" value="SUN_STANDARD"/>
    <property name="user.country" value="RU"/>
    <property name="sun.boot.library.path" value="/Library/Java/JavaVirtualMachines/jdk-15.0.2.jdk/Contents/Home/lib"/>
    <property name="sun.java.command" value="/Users/mark/Documents/Diplom/Diplom_3/target/surefire/surefirebooter6648909785905932339.jar /Users/mark/Documents/Diplom/Diplom_3/target/surefire 2022-05-14T12-08-45_836-jvmRun1 surefire16230870835469072956tmp surefire_06507204237154688571tmp"/>
    <property name="http.nonProxyHosts" value="local|*.local|169.254/16|*.169.254/16"/>
    <property name="jdk.debug" value="release"/>
    <property name="surefire.test.class.path" value="/Users/mark/Documents/Diplom/Diplom_3/target/test-classes:/Users/mark/Documents/Diplom/Diplom_3/target/classes:/Users/mark/.m2/repository/io/rest-assured/rest-assured/4.4.0/rest-assured-4.4.0.jar:/Users/mark/.m2/repository/org/codehaus/groovy/groovy/3.0.8/groovy-3.0.8.jar:/Users/mark/.m2/repository/org/codehaus/groovy/groovy-xml/3.0.8/groovy-xml-3.0.8.jar:/Users/mark/.m2/repository/org/apache/httpcomponents/httpclient/4.5.13/httpclient-4.5.13.jar:/Users/mark/.m2/repository/org/apache/httpcomponents/httpcore/4.4.13/httpcore-4.4.13.jar:/Users/mark/.m2/repository/commons-logging/commons-logging/1.2/commons-logging-1.2.jar:/Users/mark/.m2/repository/commons-codec/commons-codec/1.11/commons-codec-1.11.jar:/Users/mark/.m2/repository/org/apache/httpcomponents/httpmime/4.5.13/httpmime-4.5.13.jar:/Users/mark/.m2/repository/org/hamcrest/hamcrest/2.1/hamcrest-2.1.jar:/Users/mark/.m2/repository/org/ccil/cowan/tagsoup/tagsoup/1.2.1/tagsoup-1.2.1.jar:/Users/mark/.m2/repository/io/rest-assured/json-path/4.4.0/json-path-4.4.0.jar:/Users/mark/.m2/repository/org/codehaus/groovy/groovy-json/3.0.8/groovy-json-3.0.8.jar:/Users/mark/.m2/repository/io/rest-assured/rest-assured-common/4.4.0/rest-assured-common-4.4.0.jar:/Users/mark/.m2/repository/io/rest-assured/xml-path/4.4.0/xml-path-4.4.0.jar:/Users/mark/.m2/repository/jakarta/xml/bind/jakarta.xml.bind-api/2.3.3/jakarta.xml.bind-api-2.3.3.jar:/Users/mark/.m2/repository/jakarta/activation/jakarta.activation-api/1.2.2/jakarta.activation-api-1.2.2.jar:/Users/mark/.m2/repository/com/sun/xml/bind/jaxb-impl/2.3.3/jaxb-impl-2.3.3.jar:/Users/mark/.m2/repository/com/google/code/gson/gson/2.8.9/gson-2.8.9.jar:/Users/mark/.m2/repository/junit/junit/4.13.2/junit-4.13.2.jar:/Users/mark/.m2/repository/org/hamcrest/hamcrest-core/1.3/hamcrest-core-1.3.jar:/Users/mark/.m2/repository/com/codeborne/selenide/6.3.1/selenide-6.3.1.jar:/Users/mark/.m2/repository/org/seleniumhq/selenium/selenium-java/4.1.2/selenium-java-4.1.2.jar:/Users/mark/.m2/repository/org/seleniumhq/selenium/selenium-api/4.1.2/selenium-api-4.1.2.jar:/Users/mark/.m2/repository/org/seleniumhq/selenium/selenium-chrome-driver/4.1.2/selenium-chrome-driver-4.1.2.jar:/Users/mark/.m2/repository/com/google/auto/service/auto-service-annotations/1.0.1/auto-service-annotations-1.0.1.jar:/Users/mark/.m2/repository/com/google/auto/service/auto-service/1.0.1/auto-service-1.0.1.jar:/Users/mark/.m2/repository/com/google/auto/auto-common/1.2/auto-common-1.2.jar:/Users/mark/.m2/repository/org/seleniumhq/selenium/selenium-chromium-driver/4.1.2/selenium-chromium-driver-4.1.2.jar:/Users/mark/.m2/repository/org/seleniumhq/selenium/selenium-json/4.1.2/selenium-json-4.1.2.jar:/Users/mark/.m2/repository/org/seleniumhq/selenium/selenium-devtools-v85/4.1.2/selenium-devtools-v85-4.1.2.jar:/Users/mark/.m2/repository/org/seleniumhq/selenium/selenium-devtools-v95/4.1.2/selenium-devtools-v95-4.1.2.jar:/Users/mark/.m2/repository/org/seleniumhq/selenium/selenium-devtools-v96/4.1.2/selenium-devtools-v96-4.1.2.jar:/Users/mark/.m2/repository/org/seleniumhq/selenium/selenium-devtools-v97/4.1.2/selenium-devtools-v97-4.1.2.jar:/Users/mark/.m2/repository/org/seleniumhq/selenium/selenium-edge-driver/4.1.2/selenium-edge-driver-4.1.2.jar:/Users/mark/.m2/repository/org/seleniumhq/selenium/selenium-firefox-driver/4.1.2/selenium-firefox-driver-4.1.2.jar:/Users/mark/.m2/repository/org/seleniumhq/selenium/selenium-firefox-xpi-driver/4.1.2/selenium-firefox-xpi-driver-4.1.2.jar:/Users/mark/.m2/repository/org/seleniumhq/selenium/selenium-ie-driver/4.1.2/selenium-ie-driver-4.1.2.jar:/Users/mark/.m2/repository/org/seleniumhq/selenium/selenium-opera-driver/4.1.2/selenium-opera-driver-4.1.2.jar:/Users/mark/.m2/repository/org/seleniumhq/selenium/selenium-remote-driver/4.1.2/selenium-remote-driver-4.1.2.jar:/Users/mark/.m2/repository/com/beust/jcommander/1.82/jcommander-1.82.jar:/Users/mark/.m2/repository/io/netty/netty-buffer/4.1.73.Final/netty-buffer-4.1.73.Final.jar:/Users/mark/.m2/repository/io/netty/netty-codec-http/4.1.73.Final/netty-codec-http-4.1.73.Final.jar:/Users/mark/.m2/repository/io/netty/netty-codec/4.1.73.Final/netty-codec-4.1.73.Final.jar:/Users/mark/.m2/repository/io/netty/netty-handler/4.1.73.Final/netty-handler-4.1.73.Final.jar:/Users/mark/.m2/repository/io/netty/netty-tcnative-classes/2.0.46.Final/netty-tcnative-classes-2.0.46.Final.jar:/Users/mark/.m2/repository/io/netty/netty-common/4.1.73.Final/netty-common-4.1.73.Final.jar:/Users/mark/.m2/repository/io/netty/netty-transport-classes-epoll/4.1.73.Final/netty-transport-classes-epoll-4.1.73.Final.jar:/Users/mark/.m2/repository/io/netty/netty-transport-classes-kqueue/4.1.73.Final/netty-transport-classes-kqueue-4.1.73.Final.jar:/Users/mark/.m2/repository/io/netty/netty-transport-native-epoll/4.1.73.Final/netty-transport-native-epoll-4.1.73.Final.jar:/Users/mark/.m2/repository/io/netty/netty-transport-native-kqueue/4.1.73.Final/netty-transport-native-kqueue-4.1.73.Final.jar:/Users/mark/.m2/repository/io/netty/netty-transport-native-unix-common/4.1.73.Final/netty-transport-native-unix-common-4.1.73.Final.jar:/Users/mark/.m2/repository/io/netty/netty-transport/4.1.73.Final/netty-transport-4.1.73.Final.jar:/Users/mark/.m2/repository/io/netty/netty-resolver/4.1.73.Final/netty-resolver-4.1.73.Final.jar:/Users/mark/.m2/repository/io/opentelemetry/opentelemetry-api/1.10.1/opentelemetry-api-1.10.1.jar:/Users/mark/.m2/repository/io/opentelemetry/opentelemetry-context/1.10.1/opentelemetry-context-1.10.1.jar:/Users/mark/.m2/repository/io/opentelemetry/opentelemetry-exporter-logging/1.10.1/opentelemetry-exporter-logging-1.10.1.jar:/Users/mark/.m2/repository/io/opentelemetry/opentelemetry-sdk-metrics/1.10.1-alpha/opentelemetry-sdk-metrics-1.10.1-alpha.jar:/Users/mark/.m2/repository/io/opentelemetry/opentelemetry-sdk-logs/1.10.1-alpha/opentelemetry-sdk-logs-1.10.1-alpha.jar:/Users/mark/.m2/repository/io/opentelemetry/opentelemetry-sdk-common/1.10.1/opentelemetry-sdk-common-1.10.1.jar:/Users/mark/.m2/repository/io/opentelemetry/opentelemetry-sdk-extension-autoconfigure-spi/1.10.1/opentelemetry-sdk-extension-autoconfigure-spi-1.10.1.jar:/Users/mark/.m2/repository/io/opentelemetry/opentelemetry-sdk-extension-autoconfigure/1.10.1-alpha/opentelemetry-sdk-extension-autoconfigure-1.10.1-alpha.jar:/Users/mark/.m2/repository/io/opentelemetry/opentelemetry-sdk-trace/1.10.1/opentelemetry-sdk-trace-1.10.1.jar:/Users/mark/.m2/repository/io/opentelemetry/opentelemetry-sdk/1.10.1/opentelemetry-sdk-1.10.1.jar:/Users/mark/.m2/repository/io/opentelemetry/opentelemetry-semconv/1.10.1-alpha/opentelemetry-semconv-1.10.1-alpha.jar:/Users/mark/.m2/repository/io/ous/jtoml/2.0.0/jtoml-2.0.0.jar:/Users/mark/.m2/repository/org/apache/commons/commons-exec/1.3/commons-exec-1.3.jar:/Users/mark/.m2/repository/org/asynchttpclient/async-http-client/2.12.3/async-http-client-2.12.3.jar:/Users/mark/.m2/repository/org/asynchttpclient/async-http-client-netty-utils/2.12.3/async-http-client-netty-utils-2.12.3.jar:/Users/mark/.m2/repository/io/netty/netty-codec-socks/4.1.60.Final/netty-codec-socks-4.1.60.Final.jar:/Users/mark/.m2/repository/io/netty/netty-handler-proxy/4.1.60.Final/netty-handler-proxy-4.1.60.Final.jar:/Users/mark/.m2/repository/io/netty/netty-transport-native-epoll/4.1.60.Final/netty-transport-native-epoll-4.1.60.Final-linux-x86_64.jar:/Users/mark/.m2/repository/io/netty/netty-transport-native-kqueue/4.1.60.Final/netty-transport-native-kqueue-4.1.60.Final-osx-x86_64.jar:/Users/mark/.m2/repository/org/reactivestreams/reactive-streams/1.0.3/reactive-streams-1.0.3.jar:/Users/mark/.m2/repository/com/typesafe/netty/netty-reactive-streams/2.0.4/netty-reactive-streams-2.0.4.jar:/Users/mark/.m2/repository/com/sun/activation/jakarta.activation/1.2.2/jakarta.activation-1.2.2.jar:/Users/mark/.m2/repository/org/seleniumhq/selenium/selenium-http/4.1.2/selenium-http-4.1.2.jar:/Users/mark/.m2/repository/net/jodah/failsafe/2.4.4/failsafe-2.4.4.jar:/Users/mark/.m2/repository/org/seleniumhq/selenium/selenium-safari-driver/4.1.2/selenium-safari-driver-4.1.2.jar:/Users/mark/.m2/repository/org/seleniumhq/selenium/selenium-support/4.1.2/selenium-support-4.1.2.jar:/Users/mark/.m2/repository/com/codeborne/selenide-core/6.3.1/selenide-core-6.3.1.jar:/Users/mark/.m2/repository/org/opentest4j/opentest4j/1.2.0/opentest4j-1.2.0.jar:/Users/mark/.m2/repository/io/github/bonigarcia/webdrivermanager/5.0.3/webdrivermanager-5.0.3.jar:/Users/mark/.m2/repository/org/jsoup/jsoup/1.14.2/jsoup-1.14.2.jar:/Users/mark/.m2/repository/org/brotli/dec/0.1.2/dec-0.1.2.jar:/Users/mark/.m2/repository/commons-lang/commons-lang/2.6/commons-lang-2.6.jar:/Users/mark/.m2/repository/org/apache/commons/commons-compress/1.21/commons-compress-1.21.jar:/Users/mark/.m2/repository/org/apache/httpcomponents/client5/httpclient5/5.1.3/httpclient5-5.1.3.jar:/Users/mark/.m2/repository/org/apache/httpcomponents/core5/httpcore5/5.1.3/httpcore5-5.1.3.jar:/Users/mark/.m2/repository/com/google/guava/guava/31.0.1-jre/guava-31.0.1-jre.jar:/Users/mark/.m2/repository/com/google/guava/failureaccess/1.0.1/failureaccess-1.0.1.jar:/Users/mark/.m2/repository/com/google/guava/listenablefuture/9999.0-empty-to-avoid-conflict-with-guava/listenablefuture-9999.0-empty-to-avoid-conflict-with-guava.jar:/Users/mark/.m2/repository/com/google/code/findbugs/jsr305/3.0.2/jsr305-3.0.2.jar:/Users/mark/.m2/repository/org/checkerframework/checker-qual/3.12.0/checker-qual-3.12.0.jar:/Users/mark/.m2/repository/com/google/errorprone/error_prone_annotations/2.7.1/error_prone_annotations-2.7.1.jar:/Users/mark/.m2/repository/com/google/j2objc/j2objc-annotations/1.3/j2objc-annotations-1.3.jar:/Users/mark/.m2/repository/org/apache/commons/commons-lang3/3.12.0/commons-lang3-3.12.0.jar:/Users/mark/.m2/repository/commons-io/commons-io/2.11.0/commons-io-2.11.0.jar:/Users/mark/.m2/repository/org/slf4j/slf4j-api/1.7.36/slf4j-api-1.7.36.jar:/Users/mark/.m2/repository/io/qameta/allure/allure-junit4/2.17.0/allure-junit4-2.17.0.jar:/Users/mark/.m2/repository/io/qameta/allure/allure-java-commons/2.17.0/allure-java-commons-2.17.0.jar:/Users/mark/.m2/repository/io/qameta/allure/allure-model/2.17.0/allure-model-2.17.0.jar:/Users/mark/.m2/repository/io/qameta/allure/allure-rest-assured/2.17.0/allure-rest-assured-2.17.0.jar:/Users/mark/.m2/repository/io/qameta/allure/allure-attachments/2.17.0/allure-attachments-2.17.0.jar:/Users/mark/.m2/repository/org/freemarker/freemarker/2.3.31/freemarker-2.3.31.jar:"/>
    <property name="allure.results.directory" value="/Users/mark/Documents/Diplom/Diplom_3/target/allure-results"/>
    <property name="sun.cpu.endian" value="little"/>
    <property name="user.home" value="/Users/mark"/>
    <property name="user.language" value="ru"/>
    <property name="java.specification.vendor" value="Oracle Corporation"/>
    <property name="java.version.date" value="2021-01-19"/>
    <property name="java.home" value="/Library/Java/JavaVirtualMachines/jdk-15.0.2.jdk/Contents/Home"/>
    <property name="file.separator" value="/"/>
    <property name="basedir" value="/Users/mark/Documents/Diplom/Diplom_3"/>
    <property name="java.vm.compressedOopsMode" value="Zero based"/>
    <property name="line.separator" value="&#10;"/>
    <property name="java.specification.name" value="Java Platform API Specification"/>
    <property name="java.vm.specification.vendor" value="Oracle Corporation"/>
    <property name="surefire.real.class.path" value="/Users/mark/Documents/Diplom/Diplom_3/target/surefire/surefirebooter6648909785905932339.jar"/>
    <property name="sun.management.compiler" value="HotSpot 64-Bit Tiered Compilers"/>
    <property name="ftp.nonProxyHosts" value="local|*.local|169.254/16|*.169.254/16"/>
    <property name="java.runtime.version" value="15.0.2+7-27"/>
    <property name="user.name" value="mark"/>
    <property name="path.separator" value=":"/>
    <property name="os.version" value="10.16"/>
    <property name="java.runtime.name" value="Java(TM) SE Runtime Environment"/>
    <property name="file.encoding" value="UTF-8"/>
    <property name="java.vm.name" value="Java HotSpot(TM) 64-Bit Server VM"/>
    <property name="localRepository" value="/Users/mark/.m2/repository"/>
    <property name="java.vendor.url.bug" value="https://bugreport.java.com/bugreport/"/>
    <property name="java.io.tmpdir" value="/var/folders/n0/cm51yj_s77b_d5d19k2l1qxm0000gn/T/"/>
    <property name="java.version" value="15.0.2"/>
    <property name="user.dir" value="/Users/mark/Documents/Diplom/Diplom_3"/>
    <property name="os.arch" value="x86_64"/>
    <property name="java.vm.specification.name" value="Java Virtual Machine Specification"/>
    <property name="java.library.path" value="/Users/mark/Library/Java/Extensions:/Library/Java/Extensions:/Network/Library/Java/Extensions:/System/Library/Java/Extensions:/usr/lib/java:."/>
    <property name="java.vm.info" value="mixed mode, sharing"/>
    <property name="java.vendor" value="Oracle Corporation"/>
    <property name="java.vm.version" value="15.0.2+7-27"/>
    <property name="sun.io.unicode.encoding" value="UnicodeBig"/>
    <property name="socksNonProxyHosts" value="local|*.local|169.254/16|*.169.254/16"/>
    <property name="java.class.version" value="59.0"/>
  </properties>
  <testcase name="userLoginTest[0]" classname="LoginUserParameterizedTest" time="4.363"/>
  <testcase name="userLoginTest[1]" classname="LoginUserParameterizedTest" time="11.343"/>
  <testcase name="userLoginTest[2]" classname="LoginUserParameterizedTest" time="10.153"/>
  <testcase name="userLoginTest[3]" classname="LoginUserParameterizedTest" time="10.524"/>
</testsuite>